{"name": "Проверяем, что после оформления заказа его номер появляется в разделе В работе", "status": "failed", "statusDetails": {"message": "AssertionError: Номер заказа 211434 отсутствует в списке.\nassert '0211434' in ['Все текущие заказы готовы!']", "trace": "self = <Diplom_3.tests.test_orders_list.TestOrdersList object at 0x10c6a88d0>\nfixture_get_driver = <selenium.webdriver.chrome.webdriver.WebDriver (session=\"706c26930a5df18c521c2420c99bb9bd\")>\n\n    @allure.title('Проверяем, что после оформления заказа его номер появляется в разделе В работе')\n    def test_new_order_is_in_progress(self, fixture_get_driver):\n        driver = fixture_get_driver\n        index_page = IndexPage(driver, index_url)\n        personal_account_page = PersonalAccountPage(driver, personal_account_url)\n        feed_page = FeedPage(driver, feed_url)\n        index_page.p_open_index_page()\n    \n        index_page.p_click_personal_account_page()\n        personal_account_page.p_login_user()\n    \n        index_page.p_create_new_order()\n    \n        order_number = index_page.p_get_order_number()\n        index_page.p_click_button_for_close_modal_window()\n        index_page.p_click_lenta_zakazov_button()\n        order_numbers = feed_page.p_check_is_order_in_progress()\n    \n        with allure.step('Номер заказа появился в разделе В работе'):\n>           assert f\"0{order_number}\" in order_numbers, f\"Номер заказа {order_number} отсутствует в списке.\"\nE           AssertionError: Номер заказа 211434 отсутствует в списке.\nE           assert '0211434' in ['Все текущие заказы готовы!']\n\ntests/test_orders_list.py:125: AssertionError"}, "steps": [{"name": "Открываем главную страницу", "status": "passed", "start": 1744473088923, "stop": 1744473091470}, {"name": "Кликаем на кнопку Личный кабинет", "status": "passed", "start": 1744473091470, "stop": 1744473095933}, {"name": "Переносим ингредиенты в корзину и оформляем заказ", "status": "passed", "start": 1744473099534, "stop": 1744473105126}, {"name": "Получаем номер заказа", "status": "passed", "start": 1744473105126, "stop": 1744473110989}, {"name": "Кликаем на кнопку закрытия модального окна", "status": "passed", "start": 1744473110989, "stop": 1744473111418}, {"name": "Кликаем на кнопку 'Лента Заказов'", "status": "passed", "start": 1744473111418, "stop": 1744473112582}, {"name": "Номер заказа появился в разделе В работе", "status": "failed", "statusDetails": {"message": "AssertionError: Номер заказа 211434 отсутствует в списке.\nassert '0211434' in ['Все текущие заказы готовы!']\n", "trace": "  File \"/Users/misolka/Downloads/Diplom/Diplom_3/tests/test_orders_list.py\", line 125, in test_new_order_is_in_progress\n    assert f\"0{order_number}\" in order_numbers, f\"Номер заказа {order_number} отсутствует в списке.\"\n"}, "start": 1744473115388, "stop": 1744473115389}], "parameters": [{"name": "fixture_get_driver", "value": "'Chrome'"}], "start": 1744473088922, "stop": 1744473115391, "uuid": "ffb0c0ac-c396-4e29-ba59-b982574af25d", "historyId": "39251bda2d850e9ed790420bed6b6f65", "testCaseId": "f2eb55becfdfb8189b3e68b16e0de5b0", "fullName": "tests.test_orders_list.TestOrdersList#test_new_order_is_in_progress", "labels": [{"name": "parentSuite", "value": "tests"}, {"name": "suite", "value": "test_orders_list"}, {"name": "subSuite", "value": "TestOrdersList"}, {"name": "host", "value": "MacBook-Air-Alina.local"}, {"name": "thread", "value": "9501-MainThread"}, {"name": "framework", "value": "pytest"}, {"name": "language", "value": "cpython3"}, {"name": "package", "value": "tests.test_orders_list"}]}